Using pre-set license
Built from '2020.3/staging' branch; Version is '2020.3.5f1 (8095aa901b9b) revision 8426922'; Using compiler version '192528614'; Build Type 'Release'
OS: 'Windows 10 Home; OS build 19044.1526; Version 2009; 64bit' Language: 'nl' Physical Memory: 16261 MB
BatchMode: 1, IsHumanControllingUs: 0, StartBugReporterOnCrash: 0, Is64bit: 1, IsPro: 0

 COMMAND LINE ARGUMENTS:
C:\Program Files\Unity\Hub\Editor\2020.3.5f1\Editor\Unity.exe
-adb2
-batchMode
-noUpm
-name
AssetImportWorker0
-projectPath
D:/MA/Bewijzenmap/Periode 2.3/BO/github/The Longnex
-logFile
Logs/AssetImportWorker0.log
-srvPort
51734
Successfully changed project path to: D:/MA/Bewijzenmap/Periode 2.3/BO/github/The Longnex
D:/MA/Bewijzenmap/Periode 2.3/BO/github/The Longnex
Using Asset Import Pipeline V2.
Refreshing native plugins compatible for Editor in 31.32 ms, found 1 plugins.
Preloading 0 native plugins for Editor in 0.00 ms.
Initialize engine version: 2020.3.5f1 (8095aa901b9b)
[Subsystems] Discovering subsystems at path C:/Program Files/Unity/Hub/Editor/2020.3.5f1/Editor/Data/Resources/UnitySubsystems
[Subsystems] Discovering subsystems at path D:/MA/Bewijzenmap/Periode 2.3/BO/github/The Longnex/Assets
GfxDevice: creating device client; threaded=0
Direct3D:
    Version:  Direct3D 11.0 [level 11.1]
    Renderer: NVIDIA GeForce GTX 1660 Ti (ID=0x2191)
    Vendor:   
    VRAM:     5991 MB
    Driver:   30.0.14.7247
Initialize mono
Mono path[0] = 'C:/Program Files/Unity/Hub/Editor/2020.3.5f1/Editor/Data/Managed'
Mono path[1] = 'C:/Program Files/Unity/Hub/Editor/2020.3.5f1/Editor/Data/MonoBleedingEdge/lib/mono/unityjit'
Mono config path = 'C:/Program Files/Unity/Hub/Editor/2020.3.5f1/Editor/Data/MonoBleedingEdge/etc'
Using monoOptions --debugger-agent=transport=dt_socket,embedding=1,server=y,suspend=n,address=127.0.0.1:56136
Begin MonoManager ReloadAssembly
Registering precompiled unity dll's ...
Register platform support module: C:/Program Files/Unity/Hub/Editor/2020.3.5f1/Editor/Data/PlaybackEngines/WindowsStandaloneSupport/UnityEditor.WindowsStandalone.Extensions.dll
Registered in 0.002391 seconds.
Native extension for WindowsStandalone target not found
Refreshing native plugins compatible for Editor in 31.38 ms, found 1 plugins.
Preloading 0 native plugins for Editor in 0.00 ms.
Mono: successfully reloaded assembly
- Completed reload, in  1.069 seconds
Platform modules already initialized, skipping
Registering precompiled user dll's ...
Registered in 0.000795 seconds.
Begin MonoManager ReloadAssembly
Native extension for WindowsStandalone target not found
Refreshing native plugins compatible for Editor in 32.80 ms, found 1 plugins.
Preloading 0 native plugins for Editor in 0.00 ms.
Mono: successfully reloaded assembly
- Completed reload, in  0.870 seconds
Platform modules already initialized, skipping
========================================================================
Worker process is ready to serve import requests
Launched and connected shader compiler UnityShaderCompiler.exe after 0.04 seconds
Refreshing native plugins compatible for Editor in 0.32 ms, found 1 plugins.
Preloading 0 native plugins for Editor in 0.00 ms.
Unloading 1808 Unused Serialized files (Serialized files now loaded: 0)
System memory in use before: 84.9 MB.
System memory in use after: 84.8 MB.

Unloading 24 unused Assets to reduce memory usage. Loaded Objects now: 2250.
Total: 2.228100 ms (FindLiveObjects: 0.194900 ms CreateObjectMapping: 0.173700 ms MarkObjects: 1.742000 ms  DeleteObjects: 0.116600 ms)

========================================================================
Received Import Request.
  path: Assets/Scripts
  artifactKey: Guid(62ddc46c3775b524bad3fa8e14dc596b) Importer(815301076,1909f56bfc062723c751e8b465ee728b)
Start importing Assets/Scripts using Guid(62ddc46c3775b524bad3fa8e14dc596b) Importer(815301076,1909f56bfc062723c751e8b465ee728b)  -> (artifact id: '9882b29541f2258f6b4680aea88e82f4') in 0.006763 seconds
  Import took 0.010267 seconds .

========================================================================
Received Import Request.
  Time since last request: 5.733324 seconds.
  path: Assets/Prefab
  artifactKey: Guid(1b1e41043e5846c459e052fed9965e21) Importer(815301076,1909f56bfc062723c751e8b465ee728b)
Start importing Assets/Prefab using Guid(1b1e41043e5846c459e052fed9965e21) Importer(815301076,1909f56bfc062723c751e8b465ee728b)  -> (artifact id: '80c522419468da43cc3fb87105bbc341') in 0.007357 seconds
  Import took 0.010512 seconds .

========================================================================
Received Import Request.
  Time since last request: 0.002346 seconds.
  path: Assets/Prefab
  artifactKey: Guid(1b1e41043e5846c459e052fed9965e21) Importer(815301076,1909f56bfc062723c751e8b465ee728b)
Start importing Assets/Prefab using Guid(1b1e41043e5846c459e052fed9965e21) Importer(815301076,1909f56bfc062723c751e8b465ee728b)  -> (artifact id: '80c522419468da43cc3fb87105bbc341') in 0.002992 seconds
  Import took 0.006280 seconds .

========================================================================
Received Import Request.
  Time since last request: 8.364068 seconds.
  path: Assets/Sprites
  artifactKey: Guid(dbf6de958ece47f4198c6b6fea5d1d6a) Importer(815301076,1909f56bfc062723c751e8b465ee728b)
Start importing Assets/Sprites using Guid(dbf6de958ece47f4198c6b6fea5d1d6a) Importer(815301076,1909f56bfc062723c751e8b465ee728b)  -> (artifact id: 'b25a676ba93e4a3a4a2b406cbeba1dea') in 0.007702 seconds
  Import took 0.104142 seconds .

AssetImportWorkerClient::OnTransportError - code=2 error=End of file
